[0127/221351.154:ERROR:process_reader_win.cc(242)] ReadMemory at 0x7ff6b6bd0000 of 64 bytes failed: Запрос ReadProcessMemory или WriteProcessMemory был выполнен только частично. (0x12B)
[0127/221354.966:WARNING:pe_image_reader.cc(302)] could not read dos header from C:\Program Files (x86)\Google\Chrome\Application\chrome.exe
[0127/221354.966:ERROR:process_reader_win.cc(242)] ReadMemory at 0x7ffc210d0000 of 64 bytes failed: Запрос ReadProcessMemory или WriteProcessMemory был выполнен только частично. (0x12B)
[0127/221354.966:WARNING:pe_image_reader.cc(302)] could not read dos header from C:\WINDOWS\SYSTEM32\ntdll.dll
[0127/221354.966:ERROR:process_reader_win.cc(242)] ReadMemory at 0x7ffc20fe0000 of 64 bytes failed: Запрос ReadProcessMemory или WriteProcessMemory был выполнен только частично. (0x12B)
[0127/221355.013:WARNING:pe_image_reader.cc(302)] could not read dos header from C:\WINDOWS\System32\KERNEL32.DLL
[0127/221355.013:ERROR:process_reader_win.cc(242)] ReadMemory at 0x7ffc1e010000 of 64 bytes failed: Запрос ReadProcessMemory или WriteProcessMemory был выполнен только частично. (0x12B)
[0127/221355.013:WARNING:pe_image_reader.cc(302)] could not read dos header from C:\WINDOWS\System32\KERNELBASE.dll
[0127/221355.013:ERROR:process_reader_win.cc(242)] ReadMemory at 0x7ffc1b510000 of 64 bytes failed: Запрос ReadProcessMemory или WriteProcessMemory был выполнен только частично. (0x12B)
[0127/221355.013:WARNING:pe_image_reader.cc(302)] could not read dos header from C:\WINDOWS\SYSTEM32\apphelp.dll
[0127/221355.013:ERROR:process_reader_win.cc(242)] ReadMemory at 0x7ffc1f330000 of 64 bytes failed: Запрос ReadProcessMemory или WriteProcessMemory был выполнен только частично. (0x12B)
[0127/221355.013:WARNING:pe_image_reader.cc(302)] could not read dos header from C:\WINDOWS\System32\SHELL32.dll
[0127/221355.013:ERROR:process_reader_win.cc(242)] ReadMemory at 0x7ffc20c20000 of 64 bytes failed: Запрос ReadProcessMemory или WriteProcessMemory был выполнен только частично. (0x12B)
[0127/221355.013:WARNING:pe_image_reader.cc(302)] could not read dos header from C:\WINDOWS\System32\msvcrt.dll
[0127/221355.013:ERROR:process_reader_win.cc(242)] ReadMemory at 0x7ffc1e490000 of 64 bytes failed: Запрос ReadProcessMemory или WriteProcessMemory был выполнен только частично. (0x12B)
[0127/221355.013:WARNING:pe_image_reader.cc(302)] could not read dos header from C:\WINDOWS\System32\cfgmgr32.dll
[0127/221355.013:ERROR:process_reader_win.cc(242)] ReadMemory at 0x7ffc1d6b0000 of 64 bytes failed: Запрос ReadProcessMemory или WriteProcessMemory был выполнен только частично. (0x12B)
[0127/221355.013:WARNING:pe_image_reader.cc(302)] could not read dos header from C:\WINDOWS\System32\ucrtbase.dll
[0127/221355.013:ERROR:process_reader_win.cc(242)] ReadMemory at 0x7ffc20770000 of 64 bytes failed: Запрос ReadProcessMemory или WriteProcessMemory был выполнен только частично. (0x12B)
[0127/221355.013:WARNING:pe_image_reader.cc(302)] could not read dos header from C:\WINDOWS\System32\shcore.dll
[0127/221355.013:ERROR:process_reader_win.cc(242)] ReadMemory at 0x7ffc1e560000 of 64 bytes failed: Запрос ReadProcessMemory или WriteProcessMemory был выполнен только частично. (0x12B)
[0127/221355.013:WARNING:pe_image_reader.cc(302)] could not read dos header from C:\WINDOWS\System32\RPCRT4.dll
[0127/221355.013:ERROR:process_reader_win.cc(242)] ReadMemory at 0x7ffc1ea60000 of 64 bytes failed: Запрос ReadProcessMemory или WriteProcessMemory был выполнен только частично. (0x12B)
[0127/221355.013:WARNING:pe_image_reader.cc(302)] could not read dos header from C:\WINDOWS\System32\combase.dll
[0127/221355.013:ERROR:process_reader_win.cc(242)] ReadMemory at 0x7ffc1e4e0000 of 64 bytes failed: Запрос ReadProcessMemory или WriteProcessMemory был выполнен только частично. (0x12B)
[0127/221355.013:WARNING:pe_image_reader.cc(302)] could not read dos header from C:\WINDOWS\System32\bcryptPrimitives.dll
[0127/221355.013:ERROR:process_reader_win.cc(242)] ReadMemory at 0x7ffc1d860000 of 64 bytes failed: Запрос ReadProcessMemory или WriteProcessMemory был выполнен только частично. (0x12B)
[0127/221355.028:WARNING:pe_image_reader.cc(302)] could not read dos header from C:\WINDOWS\System32\windows.storage.dll
[0127/221355.028:ERROR:process_reader_win.cc(242)] ReadMemory at 0x7ffc20ee0000 of 64 bytes failed: Запрос ReadProcessMemory или WriteProcessMemory был выполнен только частично. (0x12B)
[0127/221355.028:WARNING:pe_image_reader.cc(302)] could not read dos header from C:\WINDOWS\System32\advapi32.dll
[0127/221355.028:ERROR:process_reader_win.cc(242)] ReadMemory at 0x7ffc20b50000 of 64 bytes failed: Запрос ReadProcessMemory или WriteProcessMemory был выполнен только частично. (0x12B)
[0127/221355.028:WARNING:pe_image_reader.cc(302)] could not read dos header from C:\WINDOWS\System32\sechost.dll
[0127/221355.028:ERROR:process_reader_win.cc(242)] ReadMemory at 0x7ffc1ed90000 of 64 bytes failed: Запрос ReadProcessMemory или WriteProcessMemory был выполнен только частично. (0x12B)
[0127/221355.028:WARNING:pe_image_reader.cc(302)] could not read dos header from C:\WINDOWS\System32\shlwapi.dll
[0127/221355.028:ERROR:process_reader_win.cc(242)] ReadMemory at 0x7ffc20f90000 of 64 bytes failed: Запрос ReadProcessMemory или WriteProcessMemory был выполнен только частично. (0x12B)
[0127/221355.028:WARNING:pe_image_reader.cc(302)] could not read dos header from C:\WINDOWS\System32\GDI32.dll
[0127/221355.028:ERROR:process_reader_win.cc(242)] ReadMemory at 0x7ffc1e2f0000 of 64 bytes failed: Запрос ReadProcessMemory или WriteProcessMemory был выполнен только частично. (0x12B)
[0127/221355.028:WARNING:pe_image_reader.cc(302)] could not read dos header from C:\WINDOWS\System32\gdi32full.dll
[0127/221355.028:ERROR:process_reader_win.cc(242)] ReadMemory at 0x7ffc1df70000 of 64 bytes failed: Запрос ReadProcessMemory или WriteProcessMemory был выполнен только частично. (0x12B)
[0127/221355.028:WARNING:pe_image_reader.cc(302)] could not read dos header from C:\WINDOWS\System32\msvcp_win.dll
[0127/221355.028:ERROR:process_reader_win.cc(242)] ReadMemory at 0x7ffc20910000 of 64 bytes failed: Запрос ReadProcessMemory или WriteProcessMemory был выполнен только частично. (0x12B)
[0127/221355.028:WARNING:pe_image_reader.cc(302)] could not read dos header from C:\WINDOWS\System32\USER32.dll
[0127/221355.028:ERROR:process_reader_win.cc(242)] ReadMemory at 0x7ffc1d4a0000 of 64 bytes failed: Запрос ReadProcessMemory или WriteProcessMemory был выполнен только частично. (0x12B)
[0127/221355.028:WARNING:pe_image_reader.cc(302)] could not read dos header from C:\WINDOWS\System32\win32u.dll
[0127/221355.028:ERROR:process_reader_win.cc(242)] ReadMemory at 0x7ffc1d430000 of 64 bytes failed: Запрос ReadProcessMemory или WriteProcessMemory был выполнен только частично. (0x12B)
[0127/221355.028:WARNING:pe_image_reader.cc(302)] could not read dos header from C:\WINDOWS\System32\kernel.appcore.dll
[0127/221355.028:ERROR:process_reader_win.cc(242)] ReadMemory at 0x7ffc1d3e0000 of 64 bytes failed: Запрос ReadProcessMemory или WriteProcessMemory был выполнен только частично. (0x12B)
[0127/221355.028:WARNING:pe_image_reader.cc(302)] could not read dos header from C:\WINDOWS\System32\profapi.dll
[0127/221355.028:ERROR:process_reader_win.cc(242)] ReadMemory at 0x7ffc1d450000 of 64 bytes failed: Запрос ReadProcessMemory или WriteProcessMemory был выполнен только частично. (0x12B)
[0127/221355.028:WARNING:pe_image_reader.cc(302)] could not read dos header from C:\WINDOWS\System32\powrprof.dll
[0127/221355.028:ERROR:process_reader_win.cc(242)] ReadMemory at 0x7ffc1d420000 of 64 bytes failed: Запрос ReadProcessMemory или WriteProcessMemory был выполнен только частично. (0x12B)
[0127/221355.028:WARNING:pe_image_reader.cc(302)] could not read dos header from C:\WINDOWS\System32\FLTLIB.DLL
[0127/221355.028:ERROR:process_reader_win.cc(242)] ReadMemory at 0x7ffc20aa0000 of 64 bytes failed: Запрос ReadProcessMemory или WriteProcessMemory был выполнен только частично. (0x12B)
[0127/221355.028:WARNING:pe_image_reader.cc(302)] could not read dos header from C:\WINDOWS\System32\PSAPI.DLL
[0127/221355.028:ERROR:process_reader_win.cc(242)] ReadMemory at 0x7ffc0bf50000 of 64 bytes failed: Запрос ReadProcessMemory или WriteProcessMemory был выполнен только частично. (0x12B)
[0127/221355.685:WARNING:pe_image_reader.cc(302)] could not read dos header from C:\Program Files (x86)\Google\Chrome\Application\71.0.3578.98\chrome_elf.dll
[0127/221355.685:ERROR:process_reader_win.cc(242)] ReadMemory at 0x7ffc11f90000 of 64 bytes failed: Запрос ReadProcessMemory или WriteProcessMemory был выполнен только частично. (0x12B)
[0127/221355.685:WARNING:pe_image_reader.cc(302)] could not read dos header from C:\WINDOWS\SYSTEM32\VERSION.dll
[0127/221355.685:ERROR:process_reader_win.cc(242)] ReadMemory at 0x7ffc1b2b0000 of 64 bytes failed: Запрос ReadProcessMemory или WriteProcessMemory был выполнен только частично. (0x12B)
[0127/221355.685:WARNING:pe_image_reader.cc(302)] could not read dos header from C:\WINDOWS\SYSTEM32\WINMM.dll
[0127/221355.685:ERROR:process_reader_win.cc(242)] ReadMemory at 0x7ffc1d310000 of 64 bytes failed: Запрос ReadProcessMemory или WriteProcessMemory был выполнен только частично. (0x12B)
[0127/221355.685:WARNING:pe_image_reader.cc(302)] could not read dos header from C:\WINDOWS\SYSTEM32\USERENV.dll
[0127/221355.685:ERROR:process_reader_win.cc(242)] ReadMemory at 0x7ffc1b140000 of 64 bytes failed: Запрос ReadProcessMemory или WriteProcessMemory был выполнен только частично. (0x12B)
[0127/221355.685:WARNING:pe_image_reader.cc(302)] could not read dos header from C:\WINDOWS\SYSTEM32\WINMMBASE.dll
[0127/221355.685:ERROR:process_reader_win.cc(242)] ReadMemory at 0x7ffc1ce10000 of 64 bytes failed: Запрос ReadProcessMemory или WriteProcessMemory был выполнен только частично. (0x12B)
[0127/221355.685:WARNING:pe_image_reader.cc(302)] could not read dos header from C:\WINDOWS\SYSTEM32\CRYPTBASE.DLL
[0127/221355.685:ERROR:process_reader_win.cc(242)] ReadMemory at 0x7ffc20d30000 of 64 bytes failed: Запрос ReadProcessMemory или WriteProcessMemory был выполнен только частично. (0x12B)
[0127/221355.685:WARNING:pe_image_reader.cc(302)] could not read dos header from C:\WINDOWS\System32\IMM32.DLL
[0127/221355.685:ERROR:process_reader_win.cc(242)] ReadMemory at 0x7ffbc6b40000 of 64 bytes failed: Запрос ReadProcessMemory или WriteProcessMemory был выполнен только частично. (0x12B)
[0127/221355.685:WARNING:pe_image_reader.cc(302)] could not read dos header from C:\Program Files (x86)\Google\Chrome\Application\71.0.3578.98\chrome_child.dll
[0127/221355.685:ERROR:process_reader_win.cc(242)] ReadMemory at 0x7ffc20cc0000 of 64 bytes failed: Запрос ReadProcessMemory или WriteProcessMemory был выполнен только частично. (0x12B)
[0127/221355.685:WARNING:pe_image_reader.cc(302)] could not read dos header from C:\WINDOWS\System32\WS2_32.dll
[0127/221355.685:ERROR:process_reader_win.cc(242)] ReadMemory at 0x7ffc1e830000 of 64 bytes failed: Запрос ReadProcessMemory или WriteProcessMemory был выполнен только частично. (0x12B)
[0127/221355.685:WARNING:pe_image_reader.cc(302)] could not read dos header from C:\WINDOWS\System32\ole32.dll
[0127/221355.685:ERROR:process_reader_win.cc(242)] ReadMemory at 0x7ffc1e990000 of 64 bytes failed: Запрос ReadProcessMemory или WriteProcessMemory был выполнен только частично. (0x12B)
[0127/221355.685:WARNING:pe_image_reader.cc(302)] could not read dos header from C:\WINDOWS\System32\OLEAUT32.dll
[0127/221355.685:ERROR:process_reader_win.cc(242)] ReadMemory at 0x7ffc1e290000 of 64 bytes failed: Запрос ReadProcessMemory или WriteProcessMemory был выполнен только частично. (0x12B)
[0127/221355.685:WARNING:pe_image_reader.cc(302)] could not read dos header from C:\WINDOWS\System32\WINTRUST.dll
[0127/221355.685:ERROR:process_reader_win.cc(242)] ReadMemory at 0x7ffc1d400000 of 64 bytes failed: Запрос ReadProcessMemory или WriteProcessMemory был выполнен только частично. (0x12B)
[0127/221355.685:WARNING:pe_image_reader.cc(302)] could not read dos header from C:\WINDOWS\System32\MSASN1.dll
[0127/221355.685:ERROR:process_reader_win.cc(242)] ReadMemory at 0x7ffc1d4c0000 of 64 bytes failed: Запрос ReadProcessMemory или WriteProcessMemory был выполнен только частично. (0x12B)
[0127/221355.685:WARNING:pe_image_reader.cc(302)] could not read dos header from C:\WINDOWS\System32\CRYPT32.dll
[0127/221355.685:ERROR:process_reader_win.cc(242)] ReadMemory at 0x7ffc20820000 of 64 bytes failed: Запрос ReadProcessMemory или WriteProcessMemory был выполнен только частично. (0x12B)
[0127/221355.685:WARNING:pe_image_reader.cc(302)] could not read dos header from C:\WINDOWS\System32\COMDLG32.dll
[0127/221355.685:ERROR:process_reader_win.cc(242)] ReadMemory at 0x7ffc1c9e0000 of 64 bytes failed: Запрос ReadProcessMemory или WriteProcessMemory был выполнен только частично. (0x12B)
[0127/221355.685:WARNING:pe_image_reader.cc(302)] could not read dos header from C:\WINDOWS\SYSTEM32\IPHLPAPI.DLL
[0127/221355.685:ERROR:process_reader_win.cc(242)] ReadMemory at 0x7ffbfb6f0000 of 64 bytes failed: Запрос ReadProcessMemory или WriteProcessMemory был выполнен только частично. (0x12B)
[0127/221355.685:WARNING:pe_image_reader.cc(302)] could not read dos header from C:\WINDOWS\SYSTEM32\OLEACC.dll
[0127/221355.685:ERROR:process_reader_win.cc(242)] ReadMemory at 0x7ffc0b720000 of 64 bytes failed: Запрос ReadProcessMemory или WriteProcessMemory был выполнен только частично. (0x12B)
[0127/221355.685:WARNING:pe_image_reader.cc(302)] could not read dos header from C:\WINDOWS\WinSxS\amd64_microsoft.windows.common-controls_6595b64144ccf1df_6.0.17134.345_none_fb429a5930656358\COMCTL32.dll
[0127/221355.685:ERROR:process_reader_win.cc(242)] ReadMemory at 0x7ffc098a0000 of 64 bytes failed: Запрос ReadProcessMemory или WriteProcessMemory был выполнен только частично. (0x12B)
[0127/221355.685:WARNING:pe_image_reader.cc(302)] could not read dos header from C:\WINDOWS\SYSTEM32\DWrite.dll
[0127/221355.685:ERROR:process_reader_win.cc(242)] ReadMemory at 0x7ffc1c150000 of 64 bytes failed: Запрос ReadProcessMemory или WriteProcessMemory был выполнен только частично. (0x12B)
[0127/221355.685:WARNING:pe_image_reader.cc(302)] could not read dos header from C:\WINDOWS\SYSTEM32\dxgi.dll
[0127/221355.685:ERROR:process_reader_win.cc(242)] ReadMemory at 0x7ffc15f10000 of 64 bytes failed: Запрос ReadProcessMemory или WriteProcessMemory был выполнен только частично. (0x12B)
[0127/221355.685:WARNING:pe_image_reader.cc(302)] could not read dos header from C:\WINDOWS\SYSTEM32\WINSPOOL.DRV
[0127/221355.685:ERROR:process_reader_win.cc(242)] ReadMemory at 0x7ffc0b9d0000 of 64 bytes failed: Запрос ReadProcessMemory или WriteProcessMemory был выполнен только частично. (0x12B)
[0127/221355.685:WARNING:pe_image_reader.cc(302)] could not read dos header from C:\WINDOWS\SYSTEM32\dbghelp.dll
[0127/221355.685:ERROR:process_reader_win.cc(242)] ReadMemory at 0x7ffc080b0000 of 64 bytes failed: Запрос ReadProcessMemory или WriteProcessMemory был выполнен только частично. (0x12B)
[0127/221355.685:WARNING:pe_image_reader.cc(302)] could not read dos header from C:\WINDOWS\SYSTEM32\USP10.dll
[0127/221355.685:ERROR:process_reader_win.cc(242)] ReadMemory at 0x7ffc17d80000 of 64 bytes failed: Запрос ReadProcessMemory или WriteProcessMemory был выполнен только частично. (0x12B)
[0127/221355.685:WARNING:pe_image_reader.cc(302)] could not read dos header from C:\WINDOWS\SYSTEM32\WINHTTP.dll
[0127/221355.685:ERROR:process_reader_win.cc(242)] ReadMemory at 0x7ffc156a0000 of 64 bytes failed: Запрос ReadProcessMemory или WriteProcessMemory был выполнен только частично. (0x12B)
[0127/221355.685:WARNING:pe_image_reader.cc(302)] could not read dos header from C:\WINDOWS\SYSTEM32\urlmon.dll
[0127/221355.685:ERROR:process_reader_win.cc(242)] ReadMemory at 0x7ffc17f00000 of 64 bytes failed: Запрос ReadProcessMemory или WriteProcessMemory был выполнен только частично. (0x12B)
[0127/221355.685:WARNING:pe_image_reader.cc(302)] could not read dos header from C:\WINDOWS\SYSTEM32\Secur32.dll
[0127/221355.685:ERROR:process_reader_win.cc(242)] ReadMemory at 0x7ffc16260000 of 64 bytes failed: Запрос ReadProcessMemory или WriteProcessMemory был выполнен только частично. (0x12B)
[0127/221355.685:WARNING:pe_image_reader.cc(302)] could not read dos header from C:\WINDOWS\SYSTEM32\dhcpcsvc.DLL
[0127/221355.685:ERROR:process_reader_win.cc(242)] ReadMemory at 0x7ffc20c10000 of 64 bytes failed: Запрос ReadProcessMemory или WriteProcessMemory был выполнен только частично. (0x12B)
[0127/221355.685:WARNING:pe_image_reader.cc(302)] could not read dos header from C:\WINDOWS\System32\NSI.dll
[0127/221355.685:ERROR:process_reader_win.cc(242)] ReadMemory at 0x7ffc1b600000 of 64 bytes failed: Запрос ReadProcessMemory или WriteProcessMemory был выполнен только частично. (0x12B)
[0127/221355.685:WARNING:pe_image_reader.cc(302)] could not read dos header from C:\WINDOWS\SYSTEM32\PROPSYS.dll
[0127/221355.685:ERROR:process_reader_win.cc(242)] ReadMemory at 0x7ffc1cf40000 of 64 bytes failed: Запрос ReadProcessMemory или WriteProcessMemory был выполнен только частично. (0x12B)
[0127/221355.685:WARNING:pe_image_reader.cc(302)] could not read dos header from C:\WINDOWS\SYSTEM32\bcrypt.dll
[0127/221355.685:ERROR:process_reader_win.cc(242)] ReadMemory at 0x7ffc14e60000 of 64 bytes failed: Запрос ReadProcessMemory или WriteProcessMemory был выполнен только частично. (0x12B)
[0127/221355.685:WARNING:pe_image_reader.cc(302)] could not read dos header from C:\WINDOWS\SYSTEM32\iertutil.dll
[0127/221355.685:ERROR:process_reader_win.cc(242)] ReadMemory at 0x7ffc1d2e0000 of 64 bytes failed: Запрос ReadProcessMemory или WriteProcessMemory был выполнен только частично. (0x12B)
[0127/221355.685:WARNING:pe_image_reader.cc(302)] could not read dos header from C:\WINDOWS\SYSTEM32\SSPICLI.DLL
[0127/221355.685:ERROR:process_reader_win.cc(242)] ReadMemory at 0x7ffc1eee0000 of 64 bytes failed: Запрос ReadProcessMemory или WriteProcessMemory был выполнен только частично. (0x12B)
[0127/221355.685:WARNING:pe_image_reader.cc(302)] could not read dos header from C:\WINDOWS\System32\SETUPAPI.dll
[0127/221355.685:ERROR:process_reader_win.cc(242)] ReadMemory at 0x7ffc1d1f0000 of 64 bytes failed: Запрос ReadProcessMemory или WriteProcessMemory был выполнен только частично. (0x12B)
[0127/221355.685:WARNING:pe_image_reader.cc(302)] could not read dos header from C:\WINDOWS\SYSTEM32\DEVOBJ.dll
[0127/221355.685:ERROR:process_reader_win.cc(242)] ReadMemory at 0x7ffbf37e0000 of 64 bytes failed: Запрос ReadProcessMemory или WriteProcessMemory был выполнен только частично. (0x12B)
[0127/221355.685:WARNING:pe_image_reader.cc(302)] could not read dos header from C:\WINDOWS\SYSTEM32\mf.dll
[0127/221355.685:ERROR:process_reader_win.cc(242)] ReadMemory at 0x7ffbf83f0000 of 64 bytes failed: Запрос ReadProcessMemory или WriteProcessMemory был выполнен только частично. (0x12B)
[0127/221355.685:WARNING:pe_image_reader.cc(302)] could not read dos header from C:\WINDOWS\SYSTEM32\mfplat.dll
[0127/221355.685:ERROR:process_reader_win.cc(242)] ReadMemory at 0x7ffbff060000 of 64 bytes failed: Запрос ReadProcessMemory или WriteProcessMemory был выполнен только частично. (0x12B)
[0127/221355.685:WARNING:pe_image_reader.cc(302)] could not read dos header from C:\WINDOWS\SYSTEM32\RTWorkQ.DLL
[0127/221355.685:ERROR:process_reader_win.cc(242)] ReadMemory at 0x7ffbf2910000 of 64 bytes failed: Запрос ReadProcessMemory или WriteProcessMemory был выполнен только частично. (0x12B)
[0127/221355.685:WARNING:pe_image_reader.cc(302)] could not read dos header from C:\WINDOWS\SYSTEM32\msmpeg2vdec.dll
[0127/221355.685:ERROR:process_reader_win.cc(242)] ReadMemory at 0x7ffc0c050000 of 64 bytes failed: Запрос ReadProcessMemory или WriteProcessMemory был выполнен только частично. (0x12B)
[0127/221355.685:WARNING:pe_image_reader.cc(302)] could not read dos header from C:\WINDOWS\SYSTEM32\mfperfhelper.dll
[0127/221355.685:ERROR:process_reader_win.cc(242)] ReadMemory at 0x7ffc1ce20000 of 64 bytes failed: Запрос ReadProcessMemory или WriteProcessMemory был выполнен только частично. (0x12B)
[0127/221355.685:WARNING:pe_image_reader.cc(302)] could not read dos header from C:\WINDOWS\SYSTEM32\cryptsp.dll
[0127/221355.685:ERROR:process_reader_win.cc(242)] ReadMemory at 0x7ffc19020000 of 64 bytes failed: Запрос ReadProcessMemory или WriteProcessMemory был выполнен только частично. (0x12B)
[0127/221355.685:WARNING:pe_image_reader.cc(302)] could not read dos header from C:\WINDOWS\SYSTEM32\dxva2.dll
[0127/221355.685:ERROR:process_reader_win.cc(242)] ReadMemory at 0x7ffbf2800000 of 64 bytes failed: Запрос ReadProcessMemory или WriteProcessMemory был выполнен только частично. (0x12B)
[0127/221355.685:WARNING:pe_image_reader.cc(302)] could not read dos header from C:\WINDOWS\SYSTEM32\msvproc.dll
[0127/221355.685:ERROR:process_reader_win.cc(242)] ReadMemory at 0x7ffbf7cd0000 of 64 bytes failed: Запрос ReadProcessMemory или WriteProcessMemory был выполнен только частично. (0x12B)
[0127/221355.685:WARNING:pe_image_reader.cc(302)] could not read dos header from C:\WINDOWS\SYSTEM32\CompPkgSup.DLL
[0127/221355.685:ERROR:process_reader_win.cc(242)] ReadMemory at 0x7ffc1a640000 of 64 bytes failed: Запрос ReadProcessMemory или WriteProcessMemory был выполнен только частично. (0x12B)
[0127/221355.685:WARNING:pe_image_reader.cc(302)] could not read dos header from C:\WINDOWS\SYSTEM32\D3DCompiler_47.dll
[0127/221355.685:ERROR:process_reader_win.cc(242)] ReadMemory at 0x7ffbe0920000 of 64 bytes failed: Запрос ReadProcessMemory или WriteProcessMemory был выполнен только частично. (0x12B)
[0127/221355.685:WARNING:pe_image_reader.cc(302)] could not read dos header from C:\Program Files (x86)\Google\Chrome\Application\71.0.3578.98\libglesv2.dll
[0127/221355.685:ERROR:process_reader_win.cc(242)] ReadMemory at 0x7ffbe8c00000 of 64 bytes failed: Запрос ReadProcessMemory или WriteProcessMemory был выполнен только частично. (0x12B)
[0127/221355.685:WARNING:pe_image_reader.cc(302)] could not read dos header from C:\WINDOWS\SYSTEM32\d3d9.dll
[0127/221355.685:ERROR:process_reader_win.cc(242)] ReadMemory at 0x7ffc1bd10000 of 64 bytes failed: Запрос ReadProcessMemory или WriteProcessMemory был выполнен только частично. (0x12B)
[0127/221355.685:WARNING:pe_image_reader.cc(302)] could not read dos header from C:\WINDOWS\SYSTEM32\dwmapi.dll
[0127/221355.685:ERROR:process_reader_win.cc(242)] ReadMemory at 0x7ffc15a20000 of 64 bytes failed: Запрос ReadProcessMemory или WriteProcessMemory был выполнен только частично. (0x12B)
[0127/221355.685:WARNING:pe_image_reader.cc(302)] could not read dos header from C:\Program Files (x86)\Google\Chrome\Application\71.0.3578.98\libegl.dll
[0127/221355.685:ERROR:process_reader_win.cc(242)] ReadMemory at 0x7ffc1a270000 of 64 bytes failed: Запрос ReadProcessMemory или WriteProcessMemory был выполнен только частично. (0x12B)
[0127/221355.685:WARNING:pe_image_reader.cc(302)] could not read dos header from C:\WINDOWS\SYSTEM32\d3d11.dll
[0127/221355.685:ERROR:process_reader_win.cc(242)] ReadMemory at 0x7ffc1aec0000 of 64 bytes failed: Запрос ReadProcessMemory или WriteProcessMemory был выполнен только частично. (0x12B)
[0127/221355.685:WARNING:pe_image_reader.cc(302)] could not read dos header from C:\WINDOWS\SYSTEM32\dcomp.dll
[0127/221355.685:ERROR:process_reader_win.cc(242)] ReadMemory at 0x7ffc122b0000 of 64 bytes failed: Запрос ReadProcessMemory или WriteProcessMemory был выполнен только частично. (0x12B)
[0127/221355.685:WARNING:pe_image_reader.cc(302)] could not read dos header from C:\WINDOWS\SYSTEM32\igd10umd64.dll
[0127/221355.685:ERROR:process_reader_win.cc(242)] ReadMemory at 0x7ffc20ab0000 of 64 bytes failed: Запрос ReadProcessMemory или WriteProcessMemory был выполнен только частично. (0x12B)
[0127/221355.685:WARNING:pe_image_reader.cc(302)] could not read dos header from C:\WINDOWS\System32\clbcatq.dll
[0127/221355.685:ERROR:process_reader_win.cc(242)] ReadMemory at 0x7ffbf0710000 of 64 bytes failed: Запрос ReadProcessMemory или WriteProcessMemory был выполнен только частично. (0x12B)
[0127/221355.685:WARNING:pe_image_reader.cc(302)] could not read dos header from C:\Windows\System32\mfh264enc.dll
[0127/221355.685:ERROR:process_reader_win.cc(242)] ReadMemory at 0x7ffc1b9b0000 of 64 bytes failed: Запрос ReadProcessMemory или WriteProcessMemory был выполнен только частично. (0x12B)
[0127/221355.685:WARNING:pe_image_reader.cc(302)] could not read dos header from C:\WINDOWS\system32\uxtheme.dll
[0127/221355.685:ERROR:process_reader_win.cc(242)] ReadMemory at 0x7ffc20d60000 of 64 bytes failed: Запрос ReadProcessMemory или WriteProcessMemory был выполнен только частично. (0x12B)
[0127/221355.685:WARNING:pe_image_reader.cc(302)] could not read dos header from C:\WINDOWS\System32\MSCTF.dll
[0127/221357.747:ERROR:process_reader_win.cc(242)] ReadMemory at 0x4a97f1000 of 61440 bytes failed: Запрос ReadProcessMemory или WriteProcessMemory был выполнен только частично. (0x12B)
[0127/221357.747:ERROR:process_reader_win.cc(242)] ReadMemory at 0x4a99fe000 of 8192 bytes failed: Запрос ReadProcessMemory или WriteProcessMemory был выполнен только частично. (0x12B)
[0127/221357.747:ERROR:process_reader_win.cc(242)] ReadMemory at 0x4a9bfe000 of 8192 bytes failed: Запрос ReadProcessMemory или WriteProcessMemory был выполнен только частично. (0x12B)
[0127/221357.747:ERROR:process_reader_win.cc(242)] ReadMemory at 0x4a9dfd000 of 12288 bytes failed: Запрос ReadProcessMemory или WriteProcessMemory был выполнен только частично. (0x12B)
[0127/221357.747:ERROR:process_reader_win.cc(242)] ReadMemory at 0x4a9ffe000 of 8192 bytes failed: Запрос ReadProcessMemory или WriteProcessMemory был выполнен только частично. (0x12B)
[0127/221357.747:ERROR:process_reader_win.cc(242)] ReadMemory at 0x4aa1fe000 of 8192 bytes failed: Запрос ReadProcessMemory или WriteProcessMemory был выполнен только частично. (0x12B)
[0127/221357.747:ERROR:process_reader_win.cc(242)] ReadMemory at 0x4aa3fe000 of 8192 bytes failed: Запрос ReadProcessMemory или WriteProcessMemory был выполнен только частично. (0x12B)
[0127/221357.747:ERROR:process_reader_win.cc(242)] ReadMemory at 0x4aa5fd000 of 12288 bytes failed: Запрос ReadProcessMemory или WriteProcessMemory был выполнен только частично. (0x12B)
[0127/221357.747:ERROR:process_reader_win.cc(242)] ReadMemory at 0x4aa7ff000 of 4096 bytes failed: Запрос ReadProcessMemory или WriteProcessMemory был выполнен только частично. (0x12B)
[0127/221357.747:ERROR:process_reader_win.cc(242)] ReadMemory at 0x4aa9fc000 of 16384 bytes failed: Запрос ReadProcessMemory или WriteProcessMemory был выполнен только частично. (0x12B)
[0127/221357.747:ERROR:process_reader_win.cc(242)] ReadMemory at 0x4ab1fe000 of 8192 bytes failed: Запрос ReadProcessMemory или WriteProcessMemory был выполнен только частично. (0x12B)
[0127/221357.747:ERROR:process_reader_win.cc(242)] ReadMemory at 0x4aabf0000 of 65536 bytes failed: Запрос ReadProcessMemory или WriteProcessMemory был выполнен только частично. (0x12B)
[0127/221357.747:ERROR:process_reader_win.cc(242)] ReadMemory at 0x4aadf0000 of 65536 bytes failed: Запрос ReadProcessMemory или WriteProcessMemory был выполнен только частично. (0x12B)
[0127/221358.415:ERROR:process_reader_win.cc(242)] ReadMemory at 0x4aafff000 of 4096 bytes failed: Запрос ReadProcessMemory или WriteProcessMemory был выполнен только частично. (0x12B)
[0127/221358.415:ERROR:process_reader_win.cc(242)] ReadMemory at 0x4a944d000 of 852 bytes failed: Запрос ReadProcessMemory или WriteProcessMemory был выполнен только частично. (0x12B)
[0127/221358.415:ERROR:process_reader_win.cc(242)] ReadMemory at 0x4a944e000 of 6024 bytes failed: Запрос ReadProcessMemory или WriteProcessMemory был выполнен только частично. (0x12B)
[0127/221358.415:ERROR:process_reader_win.cc(242)] ReadMemory at 0x4a9450000 of 6024 bytes failed: Запрос ReadProcessMemory или WriteProcessMemory был выполнен только частично. (0x12B)
[0127/221358.415:ERROR:process_reader_win.cc(242)] ReadMemory at 0x4a9452000 of 6024 bytes failed: Запрос ReadProcessMemory или WriteProcessMemory был выполнен только частично. (0x12B)
[0127/221358.415:ERROR:process_reader_win.cc(242)] ReadMemory at 0x4a9454000 of 6024 bytes failed: Запрос ReadProcessMemory или WriteProcessMemory был выполнен только частично. (0x12B)
[0127/221358.415:ERROR:process_reader_win.cc(242)] ReadMemory at 0x4a9456000 of 6024 bytes failed: Запрос ReadProcessMemory или WriteProcessMemory был выполнен только частично. (0x12B)
[0127/221358.416:ERROR:process_reader_win.cc(242)] ReadMemory at 0x4a9458000 of 6024 bytes failed: Запрос ReadProcessMemory или WriteProcessMemory был выполнен только частично. (0x12B)
[0127/221358.416:ERROR:process_reader_win.cc(242)] ReadMemory at 0x4a945a000 of 6024 bytes failed: Запрос ReadProcessMemory или WriteProcessMemory был выполнен только частично. (0x12B)
[0127/221358.416:ERROR:process_reader_win.cc(242)] ReadMemory at 0x4a945c000 of 6024 bytes failed: Запрос ReadProcessMemory или WriteProcessMemory был выполнен только частично. (0x12B)
[0127/221358.416:ERROR:process_reader_win.cc(242)] ReadMemory at 0x4a945e000 of 6024 bytes failed: Запрос ReadProcessMemory или WriteProcessMemory был выполнен только частично. (0x12B)
[0127/221358.416:ERROR:process_reader_win.cc(242)] ReadMemory at 0x4a947c000 of 6024 bytes failed: Запрос ReadProcessMemory или WriteProcessMemory был выполнен только частично. (0x12B)
[0127/221358.416:ERROR:process_reader_win.cc(242)] ReadMemory at 0x4a947e000 of 6024 bytes failed: Запрос ReadProcessMemory или WriteProcessMemory был выполнен только частично. (0x12B)
[0127/221358.416:ERROR:process_reader_win.cc(242)] ReadMemory at 0x4a94f0000 of 6024 bytes failed: Запрос ReadProcessMemory или WriteProcessMemory был выполнен только частично. (0x12B)
[0127/221358.416:ERROR:process_reader_win.cc(242)] ReadMemory at 0x4a94f2000 of 6024 bytes failed: Запрос ReadProcessMemory или WriteProcessMemory был выполнен только частично. (0x12B)
[0127/221358.416:ERROR:process_reader_win.cc(242)] ReadMemory at 0x4a94f4000 of 6024 bytes failed: Запрос ReadProcessMemory или WriteProcessMemory был выполнен только частично. (0x12B)
[0127/221358.416:ERROR:process_reader_win.cc(242)] ReadMemory at 0x10b8b8c0000 of 384 bytes failed: Запрос ReadProcessMemory или WriteProcessMemory был выполнен только частично. (0x12B)
[0127/221358.416:ERROR:process_reader_win.cc(242)] ReadMemory at 0x10b8b8c0ab0 of 512 bytes failed: Запрос ReadProcessMemory или WriteProcessMemory был выполнен только частично. (0x12B)
[0127/221358.416:ERROR:process_reader_win.cc(242)] ReadMemory at 0x10b8b8c0fc0 of 12264 bytes failed: Запрос ReadProcessMemory или WriteProcessMemory был выполнен только частично. (0x12B)
[0127/221358.416:ERROR:process_reader_win.cc(242)] ReadMemory at 0x10b8b8c3fb0 of 1012 bytes failed: Запрос ReadProcessMemory или WriteProcessMemory был выполнен только частично. (0x12B)
[0127/221358.416:ERROR:process_reader_win.cc(242)] ReadMemory at 0x10b8b8c45c8 of 118 bytes failed: Запрос ReadProcessMemory или WriteProcessMemory был выполнен только частично. (0x12B)
[0127/221358.416:ERROR:process_reader_win.cc(242)] ReadMemory at 0x10b8b8c4640 of 994 bytes failed: Запрос ReadProcessMemory или WriteProcessMemory был выполнен только частично. (0x12B)
[0127/221358.417:ERROR:process_reader_win.cc(242)] ReadMemory at 0x10b8b8c4a24 of 118 bytes failed: Запрос ReadProcessMemory или WriteProcessMemory был выполнен только частично. (0x12B)
[0127/221358.417:ERROR:process_reader_win.cc(242)] ReadMemory at 0x10b8b8c4a9c of 30 bytes failed: Запрос ReadProcessMemory или WriteProcessMemory был выполнен только частично. (0x12B)
[0127/221358.417:ERROR:process_reader_win.cc(242)] ReadMemory at 0x10b8b8c4ad0 of 58 bytes failed: Запрос ReadProcessMemory или WriteProcessMemory был выполнен только частично. (0x12B)
[0127/221358.417:ERROR:process_reader_win.cc(242)] ReadMemory at 0x10b8b8c4bd0 of 132 bytes failed: Запрос ReadProcessMemory или WriteProcessMemory был выполнен только частично. (0x12B)
[0127/221358.417:ERROR:process_reader_win.cc(242)] ReadMemory at 0x10b8b8c4d60 of 132 bytes failed: Запрос ReadProcessMemory или WriteProcessMemory был выполнен только частично. (0x12B)
[0127/221358.417:ERROR:process_reader_win.cc(242)] ReadMemory at 0x10b8b8c5300 of 132 bytes failed: Запрос ReadProcessMemory или WriteProcessMemory был выполнен только частично. (0x12B)
[0127/221358.417:ERROR:process_reader_win.cc(242)] ReadMemory at 0x10b8b8c5490 of 64 bytes failed: Запрос ReadProcessMemory или WriteProcessMemory был выполнен только частично. (0x12B)
[0127/221358.417:ERROR:process_reader_win.cc(242)] ReadMemory at 0x10b8b8c55f0 of 132 bytes failed: Запрос ReadProcessMemory или WriteProcessMemory был выполнен только частично. (0x12B)
[0127/221358.417:ERROR:process_reader_win.cc(242)] ReadMemory at 0x10b8b8c57f0 of 62 bytes failed: Запрос ReadProcessMemory или WriteProcessMemory был выполнен только частично. (0x12B)
[0127/221358.417:ERROR:process_reader_win.cc(242)] ReadMemory at 0x10b8b8c58e0 of 132 bytes failed: Запрос ReadProcessMemory или WriteProcessMemory был выполнен только частично. (0x12B)
[0127/221358.417:ERROR:process_reader_win.cc(242)] ReadMemory at 0x10b8b8c5a70 of 68 bytes failed: Запрос ReadProcessMemory или WriteProcessMemory был выполнен только частично. (0x12B)
[0127/221358.417:ERROR:process_reader_win.cc(242)] ReadMemory at 0x10b8b8c91c8 of 512 bytes failed: Запрос ReadProcessMemory или WriteProcessMemory был выполнен только частично. (0x12B)
[0127/221358.417:ERROR:process_reader_win.cc(242)] ReadMemory at 0x10b8b8cbed0 of 132 bytes failed: Запрос ReadProcessMemory или WriteProcessMemory был выполнен только частично. (0x12B)
[0127/221358.417:ERROR:process_reader_win.cc(242)] ReadMemory at 0x10b8b8cc110 of 132 bytes failed: Запрос ReadProcessMemory или WriteProcessMemory был выполнен только частично. (0x12B)
[0127/221358.417:ERROR:process_reader_win.cc(242)] ReadMemory at 0x10b8b8cc2a0 of 62 bytes failed: Запрос ReadProcessMemory или WriteProcessMemory был выполнен только частично. (0x12B)
[0127/221358.417:ERROR:process_reader_win.cc(242)] ReadMemory at 0x10b8b8cda10 of 132 bytes failed: Запрос ReadProcessMemory или WriteProcessMemory был выполнен только частично. (0x12B)
[0127/221358.417:ERROR:process_reader_win.cc(242)] ReadMemory at 0x10b8b8cdba0 of 60 bytes failed: Запрос ReadProcessMemory или WriteProcessMemory был выполнен только частично. (0x12B)
[0127/221358.417:ERROR:process_reader_win.cc(242)] ReadMemory at 0x10b8b8cdbf0 of 156 bytes failed: Запрос ReadProcessMemory или WriteProcessMemory был выполнен только частично. (0x12B)
[0127/221358.417:ERROR:process_reader_win.cc(242)] ReadMemory at 0x10b8b8cddf0 of 132 bytes failed: Запрос ReadProcessMemory или WriteProcessMemory был выполнен только частично. (0x12B)
[0127/221358.417:ERROR:process_reader_win.cc(242)] ReadMemory at 0x10b8b8cdf80 of 64 bytes failed: Запрос ReadProcessMemory или WriteProcessMemory был выполнен только частично. (0x12B)
[0127/221358.417:ERROR:process_reader_win.cc(242)] ReadMemory at 0x10b8b8ce200 of 132 bytes failed: Запрос ReadProcessMemory или WriteProcessMemory был выполнен только частично. (0x12B)
[0127/221358.418:ERROR:process_reader_win.cc(242)] ReadMemory at 0x10b8b8ce390 of 64 bytes failed: Запрос ReadProcessMemory или WriteProcessMemory был выполнен только частично. (0x12B)
[0127/221358.418:ERROR:process_reader_win.cc(242)] ReadMemory at 0x10b8b8ce5f0 of 132 bytes failed: Запрос ReadProcessMemory или WriteProcessMemory был выполнен только частично. (0x12B)
[0127/221358.418:ERROR:process_reader_win.cc(242)] ReadMemory at 0x10b8b8ce780 of 60 bytes failed: Запрос ReadProcessMemory или WriteProcessMemory был выполнен только частично. (0x12B)
[0127/221358.418:ERROR:process_reader_win.cc(242)] ReadMemory at 0x10b8b8ceaa0 of 132 bytes failed: Запрос ReadProcessMemory или WriteProcessMemory был выполнен только частично. (0x12B)
[0127/221358.418:ERROR:process_reader_win.cc(242)] ReadMemory at 0x10b8b8cec30 of 60 bytes failed: Запрос ReadProcessMemory или WriteProcessMemory был выполнен только частично. (0x12B)
[0127/221358.418:ERROR:process_reader_win.cc(242)] ReadMemory at 0x10b8b8ced90 of 144 bytes failed: Запрос ReadProcessMemory или WriteProcessMemory был выполнен только частично. (0x12B)
[0127/221358.418:ERROR:process_reader_win.cc(242)] ReadMemory at 0x10b8b8cee70 of 132 bytes failed: Запрос ReadProcessMemory или WriteProcessMemory был выполнен только частично. (0x12B)
[0127/221358.418:ERROR:process_reader_win.cc(242)] ReadMemory at 0x10b8b8cf000 of 62 bytes failed: Запрос ReadProcessMemory или WriteProcessMemory был выполнен только частично. (0x12B)
[0127/221358.418:ERROR:process_reader_win.cc(242)] ReadMemory at 0x10b8b8cf050 of 246 bytes failed: Запрос ReadProcessMemory или WriteProcessMemory был выполнен только частично. (0x12B)
[0127/221358.418:ERROR:process_reader_win.cc(242)] ReadMemory at 0x10b8b8cfb50 of 132 bytes failed: Запрос ReadProcessMemory или WriteProcessMemory был выполнен только частично. (0x12B)
[0127/221358.418:ERROR:process_reader_win.cc(242)] ReadMemory at 0x10b8b8cfd30 of 78 bytes failed: Запрос ReadProcessMemory или WriteProcessMemory был выполнен только частично. (0x12B)
[0127/221358.418:ERROR:process_reader_win.cc(242)] ReadMemory at 0x10b8b8cff70 of 76 bytes failed: Запрос ReadProcessMemory или WriteProcessMemory был выполнен только частично. (0x12B)
[0127/221358.418:ERROR:process_reader_win.cc(242)] ReadMemory at 0x10b8b8d0150 of 80 bytes failed: Запрос ReadProcessMemory или WriteProcessMemory был выполнен только частично. (0x12B)
[0127/221358.418:ERROR:process_reader_win.cc(242)] ReadMemory at 0x10b8b8d0210 of 72 bytes failed: Запрос ReadProcessMemory или WriteProcessMemory был выполнен только частично. (0x12B)
[0127/221358.418:ERROR:process_reader_win.cc(242)] ReadMemory at 0x10b8b8d0620 of 132 bytes failed: Запрос ReadProcessMemory или WriteProcessMemory был выполнен только частично. (0x12B)
[0127/221358.418:ERROR:process_reader_win.cc(242)] ReadMemory at 0x10b8b8d0b00 of 132 bytes failed: Запрос ReadProcessMemory или WriteProcessMemory был выполнен только частично. (0x12B)
[0127/221358.418:ERROR:process_reader_win.cc(242)] ReadMemory at 0x10b8b8d0c30 of 64 bytes failed: Запрос ReadProcessMemory или WriteProcessMemory был выполнен только частично. (0x12B)
[0127/221358.418:ERROR:process_reader_win.cc(242)] ReadMemory at 0x10b8b8d1da0 of 132 bytes failed: Запрос ReadProcessMemory или WriteProcessMemory был выполнен только частично. (0x12B)
[0127/221358.418:ERROR:process_reader_win.cc(242)] ReadMemory at 0x10b8b8d1f20 of 60 bytes failed: Запрос ReadProcessMemory или WriteProcessMemory был выполнен только частично. (0x12B)
[0127/221358.418:ERROR:process_reader_win.cc(242)] ReadMemory at 0x10b8b8d2060 of 58 bytes failed: Запрос ReadProcessMemory или WriteProcessMemory был выполнен только частично. (0x12B)
[0127/221358.418:ERROR:process_reader_win.cc(242)] ReadMemory at 0x10b8b8d20b0 of 60 bytes failed: Запрос ReadProcessMemory или WriteProcessMemory был выполнен только частично. (0x12B)
[0127/221358.418:ERROR:process_reader_win.cc(242)] ReadMemory at 0x10b8b8d2100 of 62 bytes failed: Запрос ReadProcessMemory или WriteProcessMemory был выполнен только частично. (0x12B)
[0127/221358.418:ERROR:process_reader_win.cc(242)] ReadMemory at 0x10b8b8d21a0 of 60 bytes failed: Запрос ReadProcessMemory или WriteProcessMemory был выполнен только частично. (0x12B)
[0127/221358.419:ERROR:process_reader_win.cc(242)] ReadMemory at 0x10b8b8d21f0 of 62 bytes failed: Запрос ReadProcessMemory или WriteProcessMemory был выполнен только частично. (0x12B)
[0127/221358.419:ERROR:process_reader_win.cc(242)] ReadMemory at 0x10b8b8d2240 of 58 bytes failed: Запрос ReadProcessMemory или WriteProcessMemory был выполнен только частично. (0x12B)
[0127/221358.419:ERROR:process_reader_win.cc(242)] ReadMemory at 0x10b8b8d22e0 of 66 bytes failed: Запрос ReadProcessMemory или WriteProcessMemory был выполнен только частично. (0x12B)
[0127/221358.419:ERROR:process_reader_win.cc(242)] ReadMemory at 0x10b8b8d2380 of 60 bytes failed: Запрос ReadProcessMemory или WriteProcessMemory был выполнен только частично. (0x12B)
[0127/221358.419:ERROR:process_reader_win.cc(242)] ReadMemory at 0x10b8b8d23d0 of 62 bytes failed: Запрос ReadProcessMemory или WriteProcessMemory был выполнен только частично. (0x12B)
[0127/221358.419:ERROR:process_reader_win.cc(242)] ReadMemory at 0x10b8b8d2420 of 66 bytes failed: Запрос ReadProcessMemory или WriteProcessMemory был выполнен только частично. (0x12B)
[0127/221358.419:ERROR:process_reader_win.cc(242)] ReadMemory at 0x10b8b8d2470 of 58 bytes failed: Запрос ReadProcessMemory или WriteProcessMemory был выполнен только частично. (0x12B)
[0127/221358.419:ERROR:process_reader_win.cc(242)] ReadMemory at 0x10b8b8d25b0 of 64 bytes failed: Запрос ReadProcessMemory или WriteProcessMemory был выполнен только частично. (0x12B)
[0127/221358.419:ERROR:process_reader_win.cc(242)] ReadMemory at 0x10b8b8d2650 of 62 bytes failed: Запрос ReadProcessMemory или WriteProcessMemory был выполнен только частично. (0x12B)
[0127/221358.419:ERROR:process_reader_win.cc(242)] ReadMemory at 0x10b8b8d26e0 of 150 bytes failed: Запрос ReadProcessMemory или WriteProcessMemory был выполнен только частично. (0x12B)
[0127/221358.419:ERROR:process_reader_win.cc(242)] ReadMemory at 0x10b8b8d2800 of 132 bytes failed: Запрос ReadProcessMemory или WriteProcessMemory был выполнен только частично. (0x12B)
[0127/221358.419:ERROR:process_reader_win.cc(242)] ReadMemory at 0x10b8b8d2930 of 132 bytes failed: Запрос ReadProcessMemory или WriteProcessMemory был выполнен только частично. (0x12B)
[0127/221358.419:ERROR:process_reader_win.cc(242)] ReadMemory at 0x10b8b8d2a60 of 132 bytes failed: Запрос ReadProcessMemory или WriteProcessMemory был выполнен только частично. (0x12B)
[0127/221358.419:ERROR:process_reader_win.cc(242)] ReadMemory at 0x10b8b8d2b90 of 132 bytes failed: Запрос ReadProcessMemory или WriteProcessMemory был выполнен только частично. (0x12B)
[0127/221358.419:ERROR:process_reader_win.cc(242)] ReadMemory at 0x10b8b8d2cc0 of 132 bytes failed: Запрос ReadProcessMemory или WriteProcessMemory был выполнен только частично. (0x12B)
[0127/221358.419:ERROR:process_reader_win.cc(242)] ReadMemory at 0x10b8b8d2df0 of 132 bytes failed: Запрос ReadProcessMemory или WriteProcessMemory был выполнен только частично. (0x12B)
[0127/221358.419:ERROR:process_reader_win.cc(242)] ReadMemory at 0x10b8b8d2f20 of 132 bytes failed: Запрос ReadProcessMemory или WriteProcessMemory был выполнен только частично. (0x12B)
[0127/221358.419:ERROR:process_reader_win.cc(242)] ReadMemory at 0x10b8b8d3050 of 132 bytes failed: Запрос ReadProcessMemory или WriteProcessMemory был выполнен только частично. (0x12B)
[0127/221358.419:ERROR:process_reader_win.cc(242)] ReadMemory at 0x10b8b8d3180 of 132 bytes failed: Запрос ReadProcessMemory или WriteProcessMemory был выполнен только частично. (0x12B)
[0127/221358.419:ERROR:process_reader_win.cc(242)] ReadMemory at 0x10b8b8d32b0 of 132 bytes failed: Запрос ReadProcessMemory или WriteProcessMemory был выполнен только частично. (0x12B)
[0127/221358.419:ERROR:process_reader_win.cc(242)] ReadMemory at 0x10b8b8d33e0 of 132 bytes failed: Запрос ReadProcessMemory или WriteProcessMemory был выполнен только частично. (0x12B)
[0127/221358.419:ERROR:process_reader_win.cc(242)] ReadMemory at 0x10b8b8d3510 of 132 bytes failed: Запрос ReadProcessMemory или WriteProcessMemory был выполнен только частично. (0x12B)
[0127/221358.419:ERROR:process_reader_win.cc(242)] ReadMemory at 0x10b8b8d3640 of 132 bytes failed: Запрос ReadProcessMemory или WriteProcessMemory был выполнен только частично. (0x12B)
[0127/221358.420:ERROR:process_reader_win.cc(242)] ReadMemory at 0x10b8b8d5250 of 132 bytes failed: Запрос ReadProcessMemory или WriteProcessMemory был выполнен только частично. (0x12B)
[0127/221358.420:ERROR:process_reader_win.cc(242)] ReadMemory at 0x10b8b8d5380 of 132 bytes failed: Запрос ReadProcessMemory или WriteProcessMemory был выполнен только частично. (0x12B)
[0127/221358.420:ERROR:process_reader_win.cc(242)] ReadMemory at 0x10b8b8d54b0 of 132 bytes failed: Запрос ReadProcessMemory или WriteProcessMemory был выполнен только частично. (0x12B)
[0127/221358.420:ERROR:process_reader_win.cc(242)] ReadMemory at 0x10b8b8d55e0 of 132 bytes failed: Запрос ReadProcessMemory или WriteProcessMemory был выполнен только частично. (0x12B)
[0127/221358.420:ERROR:process_reader_win.cc(242)] ReadMemory at 0x10b8b8d5710 of 132 bytes failed: Запрос ReadProcessMemory или WriteProcessMemory был выполнен только частично. (0x12B)
[0127/221358.420:ERROR:process_reader_win.cc(242)] ReadMemory at 0x10b8b8d5840 of 132 bytes failed: Запрос ReadProcessMemory или WriteProcessMemory был выполнен только частично. (0x12B)
[0127/221358.420:ERROR:process_reader_win.cc(242)] ReadMemory at 0x10b8b8d5970 of 132 bytes failed: Запрос ReadProcessMemory или WriteProcessMemory был выполнен только частично. (0x12B)
[0127/221358.420:ERROR:process_reader_win.cc(242)] ReadMemory at 0x10b8b8d5aa0 of 132 bytes failed: Запрос ReadProcessMemory или WriteProcessMemory был выполнен только частично. (0x12B)
[0127/221358.420:ERROR:process_reader_win.cc(242)] ReadMemory at 0x10b8b8d5bd0 of 132 bytes failed: Запрос ReadProcessMemory или WriteProcessMemory был выполнен только частично. (0x12B)
[0127/221358.420:ERROR:process_reader_win.cc(242)] ReadMemory at 0x10b8b8d5d00 of 132 bytes failed: Запрос ReadProcessMemory или WriteProcessMemory был выполнен только частично. (0x12B)
[0127/221358.420:ERROR:process_reader_win.cc(242)] ReadMemory at 0x10b8b8d5e30 of 132 bytes failed: Запрос ReadProcessMemory или WriteProcessMemory был выполнен только частично. (0x12B)
[0127/221358.420:ERROR:process_reader_win.cc(242)] ReadMemory at 0x10b8b8d5f60 of 132 bytes failed: Запрос ReadProcessMemory или WriteProcessMemory был выполнен только частично. (0x12B)
[0127/221358.420:ERROR:process_reader_win.cc(242)] ReadMemory at 0x10b8b8d6090 of 132 bytes failed: Запрос ReadProcessMemory или WriteProcessMemory был выполнен только частично. (0x12B)
[0127/221358.420:ERROR:process_reader_win.cc(242)] ReadMemory at 0x10b8b8d61c0 of 132 bytes failed: Запрос ReadProcessMemory или WriteProcessMemory был выполнен только частично. (0x12B)
[0127/221358.420:ERROR:process_reader_win.cc(242)] ReadMemory at 0x10b8b8d62f0 of 132 bytes failed: Запрос ReadProcessMemory или WriteProcessMemory был выполнен только частично. (0x12B)
[0127/221358.420:ERROR:process_reader_win.cc(242)] ReadMemory at 0x10b8b8d6420 of 132 bytes failed: Запрос ReadProcessMemory или WriteProcessMemory был выполнен только частично. (0x12B)
[0127/221358.420:ERROR:process_reader_win.cc(242)] ReadMemory at 0x10b8b8d6550 of 132 bytes failed: Запрос ReadProcessMemory или WriteProcessMemory был выполнен только частично. (0x12B)
[0127/221358.420:ERROR:process_reader_win.cc(242)] ReadMemory at 0x10b8b8d6680 of 132 bytes failed: Запрос ReadProcessMemory или WriteProcessMemory был выполнен только частично. (0x12B)
[0127/221358.420:ERROR:process_reader_win.cc(242)] ReadMemory at 0x10b8b8d67b0 of 132 bytes failed: Запрос ReadProcessMemory или WriteProcessMemory был выполнен только частично. (0x12B)
[0127/221358.421:ERROR:process_reader_win.cc(242)] ReadMemory at 0x10b8b8d68e0 of 132 bytes failed: Запрос ReadProcessMemory или WriteProcessMemory был выполнен только частично. (0x12B)
[0127/221358.421:ERROR:process_reader_win.cc(242)] ReadMemory at 0x10b8b8d6a10 of 132 bytes failed: Запрос ReadProcessMemory или WriteProcessMemory был выполнен только частично. (0x12B)
[0127/221358.421:ERROR:process_reader_win.cc(242)] ReadMemory at 0x10b8b8d6b40 of 132 bytes failed: Запрос ReadProcessMemory или WriteProcessMemory был выполнен только частично. (0x12B)
[0127/221358.421:ERROR:process_reader_win.cc(242)] ReadMemory at 0x10b8b8d6c70 of 132 bytes failed: Запрос ReadProcessMemory или WriteProcessMemory был выполнен только частично. (0x12B)
[0127/221358.421:ERROR:process_reader_win.cc(242)] ReadMemory at 0x10b8b8d6da0 of 132 bytes failed: Запрос ReadProcessMemory или WriteProcessMemory был выполнен только частично. (0x12B)
[0127/221358.421:ERROR:process_reader_win.cc(242)] ReadMemory at 0x10b8b8d6ed0 of 132 bytes failed: Запрос ReadProcessMemory или WriteProcessMemory был выполнен только частично. (0x12B)
[0127/221358.421:ERROR:process_reader_win.cc(242)] ReadMemory at 0x10b8b8d7000 of 132 bytes failed: Запрос ReadProcessMemory или WriteProcessMemory был выполнен только частично. (0x12B)
[0127/221358.421:ERROR:process_reader_win.cc(242)] ReadMemory at 0x10b8b8d8220 of 152 bytes failed: Запрос ReadProcessMemory или WriteProcessMemory был выполнен только частично. (0x12B)
[0127/221358.421:ERROR:process_reader_win.cc(242)] ReadMemory at 0x10b8b8dbc50 of 60 bytes failed: Запрос ReadProcessMemory или WriteProcessMemory был выполнен только частично. (0x12B)
[0127/221358.421:ERROR:process_reader_win.cc(242)] ReadMemory at 0x10b8b8dbcf0 of 66 bytes failed: Запрос ReadProcessMemory или WriteProcessMemory был выполнен только частично. (0x12B)
[0127/221358.421:ERROR:process_reader_win.cc(242)] ReadMemory at 0x10b8b8dbed0 of 58 bytes failed: Запрос ReadProcessMemory или WriteProcessMemory был выполнен только частично. (0x12B)
[0127/221358.421:ERROR:process_reader_win.cc(242)] ReadMemory at 0x10b8b8dc150 of 62 bytes failed: Запрос ReadProcessMemory или WriteProcessMemory был выполнен только частично. (0x12B)
[0127/221358.421:ERROR:process_reader_win.cc(242)] ReadMemory at 0x10b8b8dc1a0 of 66 bytes failed: Запрос ReadProcessMemory или WriteProcessMemory был выполнен только частично. (0x12B)
[0127/221358.421:ERROR:process_reader_win.cc(242)] ReadMemory at 0x10b8b8dc4c0 of 58 bytes failed: Запрос ReadProcessMemory или WriteProcessMemory был выполнен только частично. (0x12B)
[0127/221358.421:ERROR:process_reader_win.cc(242)] ReadMemory at 0x10b8b8dc650 of 64 bytes failed: Запрос ReadProcessMemory или WriteProcessMemory был выполнен только частично. (0x12B)
[0127/221358.421:ERROR:process_reader_win.cc(242)] ReadMemory at 0x10b8b8dc6a0 of 64 bytes failed: Запрос ReadProcessMemory или WriteProcessMemory был выполнен только частично. (0x12B)
[0127/221358.421:ERROR:process_reader_win.cc(242)] ReadMemory at 0x10b8b8e16b0 of 54 bytes failed: Запрос ReadProcessMemory или WriteProcessMemory был выполнен только частично. (0x12B)
[0127/221358.421:ERROR:process_reader_win.cc(242)] ReadMemory at 0x10b8b8ea8c0 of 64 bytes failed: Запрос ReadProcessMemory или WriteProcessMemory был выполнен только частично. (0x12B)
[0127/221358.421:ERROR:process_reader_win.cc(242)] ReadMemory at 0x10b8b8eab40 of 56 bytes failed: Запрос ReadProcessMemory или WriteProcessMemory был выполнен только частично. (0x12B)
[0127/221358.421:ERROR:process_reader_win.cc(242)] ReadMemory at 0x10b8b8eab90 of 64 bytes failed: Запрос ReadProcessMemory или WriteProcessMemory был выполнен только частично. (0x12B)
[0127/221358.421:ERROR:process_reader_win.cc(242)] ReadMemory at 0x10b8b8eac30 of 62 bytes failed: Запрос ReadProcessMemory или WriteProcessMemory был выполнен только частично. (0x12B)
[0127/221358.421:ERROR:process_reader_win.cc(242)] ReadMemory at 0x10b8b8eac80 of 60 bytes failed: Запрос ReadProcessMemory или WriteProcessMemory был выполнен только частично. (0x12B)
[0127/221358.421:ERROR:process_reader_win.cc(242)] ReadMemory at 0x10b8b8eacd0 of 60 bytes failed: Запрос ReadProcessMemory или WriteProcessMemory был выполнен только частично. (0x12B)
[0127/221358.422:ERROR:process_reader_win.cc(242)] ReadMemory at 0x10b8b8ead20 of 64 bytes failed: Запрос ReadProcessMemory или WriteProcessMemory был выполнен только частично. (0x12B)
[0127/221358.422:ERROR:process_reader_win.cc(242)] ReadMemory at 0x10b8b8eaf00 of 62 bytes failed: Запрос ReadProcessMemory или WriteProcessMemory был выполнен только частично. (0x12B)
[0127/221358.422:ERROR:process_reader_win.cc(242)] ReadMemory at 0x10b8b8eaff0 of 60 bytes failed: Запрос ReadProcessMemory или WriteProcessMemory был выполнен только частично. (0x12B)
[0127/221358.422:ERROR:process_reader_win.cc(242)] ReadMemory at 0x10b8b8eb130 of 62 bytes failed: Запрос ReadProcessMemory или WriteProcessMemory был выполнен только частично. (0x12B)
[0127/221358.422:ERROR:process_reader_win.cc(242)] ReadMemory at 0x10b8b8eb180 of 60 bytes failed: Запрос ReadProcessMemory или WriteProcessMemory был выполнен только частично. (0x12B)
[0127/221358.422:ERROR:process_reader_win.cc(242)] ReadMemory at 0x10b8b8eb270 of 58 bytes failed: Запрос ReadProcessMemory или WriteProcessMemory был выполнен только частично. (0x12B)
[0127/221358.422:ERROR:process_reader_win.cc(242)] ReadMemory at 0x10b8b8eb310 of 64 bytes failed: Запрос ReadProcessMemory или WriteProcessMemory был выполнен только частично. (0x12B)
[0127/221358.422:ERROR:process_reader_win.cc(242)] ReadMemory at 0x10b8b8eb360 of 64 bytes failed: Запрос ReadProcessMemory или WriteProcessMemory был выполнен только частично. (0x12B)
[0127/221358.422:ERROR:process_reader_win.cc(242)] ReadMemory at 0x10b8b8eb3b0 of 62 bytes failed: Запрос ReadProcessMemory или WriteProcessMemory был выполнен только частично. (0x12B)
[0127/221358.422:ERROR:process_reader_win.cc(242)] ReadMemory at 0x10b8b8eb5e0 of 64 bytes failed: Запрос ReadProcessMemory или WriteProcessMemory был выполнен только частично. (0x12B)
[0127/221358.422:ERROR:process_reader_win.cc(242)] ReadMemory at 0x10b8b8eb630 of 62 bytes failed: Запрос ReadProcessMemory или WriteProcessMemory был выполнен только частично. (0x12B)
[0127/221358.422:ERROR:process_reader_win.cc(242)] ReadMemory at 0x10b8b8eb720 of 60 bytes failed: Запрос ReadProcessMemory или WriteProcessMemory был выполнен только частично. (0x12B)
[0127/221358.422:ERROR:process_reader_win.cc(242)] ReadMemory at 0x10b8b8eb770 of 62 bytes failed: Запрос ReadProcessMemory или WriteProcessMemory был выполнен только частично. (0x12B)
[0127/221358.422:ERROR:process_reader_win.cc(242)] ReadMemory at 0x10b8b8ed420 of 132 bytes failed: Запрос ReadProcessMemory или WriteProcessMemory был выполнен только частично. (0x12B)
[0127/221358.422:ERROR:process_reader_win.cc(242)] ReadMemory at 0x10b8b8ed550 of 132 bytes failed: Запрос ReadProcessMemory или WriteProcessMemory был выполнен только частично. (0x12B)
[0127/221358.422:ERROR:process_reader_win.cc(242)] ReadMemory at 0x10b8b8ed680 of 132 bytes failed: Запрос ReadProcessMemory или WriteProcessMemory был выполнен только частично. (0x12B)
[0127/221358.422:ERROR:process_reader_win.cc(242)] ReadMemory at 0x10b8b8ed7b0 of 132 bytes failed: Запрос ReadProcessMemory или WriteProcessMemory был выполнен только частично. (0x12B)
[0127/221358.422:ERROR:process_reader_win.cc(242)] ReadMemory at 0x10b8b8ed8e0 of 132 bytes failed: Запрос ReadProcessMemory или WriteProcessMemory был выполнен только частично. (0x12B)
[0127/221358.422:ERROR:process_reader_win.cc(242)] ReadMemory at 0x10b8b8eda10 of 132 bytes failed: Запрос ReadProcessMemory или WriteProcessMemory был выполнен только частично. (0x12B)
[0127/221358.422:ERROR:process_reader_win.cc(242)] ReadMemory at 0x10b8b8edb40 of 132 bytes failed: Запрос ReadProcessMemory или WriteProcessMemory был выполнен только частично. (0x12B)
[0127/221358.422:ERROR:process_reader_win.cc(242)] ReadMemory at 0x10b8b8edc70 of 132 bytes failed: Запрос ReadProcessMemory или WriteProcessMemory был выполнен только частично. (0x12B)
[0127/221358.422:ERROR:process_reader_win.cc(242)] ReadMemory at 0x10b8b8edda0 of 132 bytes failed: Запрос ReadProcessMemory или WriteProcessMemory был выполнен только частично. (0x12B)
[0127/221358.422:ERROR:process_reader_win.cc(242)] ReadMemory at 0x10b8b8eded0 of 132 bytes failed: Запрос ReadProcessMemory или WriteProcessMemory был выполнен только частично. (0x12B)
[0127/221358.423:ERROR:process_reader_win.cc(242)] ReadMemory at 0x10b8b8ee000 of 132 bytes failed: Запрос ReadProcessMemory или WriteProcessMemory был выполнен только частично. (0x12B)
[0127/221358.423:ERROR:process_reader_win.cc(242)] ReadMemory at 0x10b8b8ee260 of 132 bytes failed: Запрос ReadProcessMemory или WriteProcessMemory был выполнен только частично. (0x12B)
[0127/221358.423:ERROR:process_reader_win.cc(242)] ReadMemory at 0x10b8b8ee390 of 132 bytes failed: Запрос ReadProcessMemory или WriteProcessMemory был выполнен только частично. (0x12B)
[0127/221358.423:ERROR:process_reader_win.cc(242)] ReadMemory at 0x10b8b8ee4c0 of 132 bytes failed: Запрос ReadProcessMemory или WriteProcessMemory был выполнен только частично. (0x12B)
[0127/221358.423:ERROR:process_reader_win.cc(242)] ReadMemory at 0x10b8b8ee5f0 of 132 bytes failed: Запрос ReadProcessMemory или WriteProcessMemory был выполнен только частично. (0x12B)
[0127/221358.423:ERROR:process_reader_win.cc(242)] ReadMemory at 0x10b8b8ee720 of 132 bytes failed: Запрос ReadProcessMemory или WriteProcessMemory был выполнен только частично. (0x12B)
[0127/221358.423:ERROR:process_reader_win.cc(242)] ReadMemory at 0x10b8b8ee850 of 132 bytes failed: Запрос ReadProcessMemory или WriteProcessMemory был выполнен только частично. (0x12B)
[0127/221358.423:ERROR:process_reader_win.cc(242)] ReadMemory at 0x10b8b8ee980 of 132 bytes failed: Запрос ReadProcessMemory или WriteProcessMemory был выполнен только частично. (0x12B)
[0127/221358.423:ERROR:process_reader_win.cc(242)] ReadMemory at 0x10b8b8eeab0 of 132 bytes failed: Запрос ReadProcessMemory или WriteProcessMemory был выполнен только частично. (0x12B)
[0127/221358.423:ERROR:process_reader_win.cc(242)] ReadMemory at 0x10b8b8eebe0 of 132 bytes failed: Запрос ReadProcessMemory или WriteProcessMemory был выполнен только частично. (0x12B)
[0127/221358.423:ERROR:process_reader_win.cc(242)] ReadMemory at 0x10b8b8eed10 of 132 bytes failed: Запрос ReadProcessMemory или WriteProcessMemory был выполнен только частично. (0x12B)
[0127/221358.423:ERROR:process_reader_win.cc(242)] ReadMemory at 0x10b8b8eee40 of 132 bytes failed: Запрос ReadProcessMemory или WriteProcessMemory был выполнен только частично. (0x12B)
[0127/221358.423:ERROR:process_reader_win.cc(242)] ReadMemory at 0x10b8b8eef70 of 132 bytes failed: Запрос ReadProcessMemory или WriteProcessMemory был выполнен только частично. (0x12B)
[0127/221358.423:ERROR:process_reader_win.cc(242)] ReadMemory at 0x10b8b8ef0a0 of 132 bytes failed: Запрос ReadProcessMemory или WriteProcessMemory был выполнен только частично. (0x12B)
[0127/221358.423:ERROR:process_reader_win.cc(242)] ReadMemory at 0x10b8b8ef1d0 of 132 bytes failed: Запрос ReadProcessMemory или WriteProcessMemory был выполнен только частично. (0x12B)
[0127/221358.423:ERROR:process_reader_win.cc(242)] ReadMemory at 0x10b8b90bc40 of 52 bytes failed: Запрос ReadProcessMemory или WriteProcessMemory был выполнен только частично. (0x12B)
[0127/221358.423:ERROR:process_reader_win.cc(242)] ReadMemory at 0x10b8b90c590 of 62 bytes failed: Запрос ReadProcessMemory или WriteProcessMemory был выполнен только частично. (0x12B)
[0127/221358.423:ERROR:process_reader_win.cc(242)] ReadMemory at 0x10b8b90cbd0 of 58 bytes failed: Запрос ReadProcessMemory или WriteProcessMemory был выполнен только частично. (0x12B)
[0127/221358.423:ERROR:process_reader_win.cc(242)] ReadMemory at 0x10b8b90cd10 of 70 bytes failed: Запрос ReadProcessMemory или WriteProcessMemory был выполнен только частично. (0x12B)
[0127/221358.423:ERROR:process_reader_win.cc(242)] ReadMemory at 0x10b8b90cdb0 of 62 bytes failed: Запрос ReadProcessMemory или WriteProcessMemory был выполнен только частично. (0x12B)
[0127/221358.423:ERROR:process_reader_win.cc(242)] ReadMemory at 0x10b8b90cea0 of 62 bytes failed: Запрос ReadProcessMemory или WriteProcessMemory был выполнен только частично. (0x12B)
[0127/221358.423:ERROR:process_reader_win.cc(242)] ReadMemory at 0x10b8b90cfe0 of 68 bytes failed: Запрос ReadProcessMemory или WriteProcessMemory был выполнен только частично. (0x12B)
[0127/221358.424:ERROR:process_reader_win.cc(242)] ReadMemory at 0x10b8b90d170 of 60 bytes failed: Запрос ReadProcessMemory или WriteProcessMemory был выполнен только частично. (0x12B)
[0127/221358.424:ERROR:process_reader_win.cc(242)] ReadMemory at 0x10b8b910790 of 76 bytes failed: Запрос ReadProcessMemory или WriteProcessMemory был выполнен только частично. (0x12B)
[0127/221358.424:ERROR:process_reader_win.cc(242)] ReadMemory at 0x10b8b912a20 of 60 bytes failed: Запрос ReadProcessMemory или WriteProcessMemory был выполнен только частично. (0x12B)
[0127/221358.424:ERROR:process_reader_win.cc(242)] ReadMemory at 0x10b8b912ed0 of 56 bytes failed: Запрос ReadProcessMemory или WriteProcessMemory был выполнен только частично. (0x12B)
[0127/221358.424:ERROR:process_reader_win.cc(242)] ReadMemory at 0x10b8b9130b0 of 68 bytes failed: Запрос ReadProcessMemory или WriteProcessMemory был выполнен только частично. (0x12B)
[0127/221358.424:ERROR:process_reader_win.cc(242)] ReadMemory at 0x10b8b9137e0 of 58 bytes failed: Запрос ReadProcessMemory или WriteProcessMemory был выполнен только частично. (0x12B)
[0127/221358.424:ERROR:process_reader_win.cc(242)] ReadMemory at 0x10b8b9138d0 of 58 bytes failed: Запрос ReadProcessMemory или WriteProcessMemory был выполнен только частично. (0x12B)
[0127/221358.424:ERROR:process_reader_win.cc(242)] ReadMemory at 0x10b8b913bd0 of 124 bytes failed: Запрос ReadProcessMemory или WriteProcessMemory был выполнен только частично. (0x12B)
[0127/221358.424:ERROR:process_reader_win.cc(242)] ReadMemory at 0x10b8b9834b8 of 512 bytes failed: Запрос ReadProcessMemory или WriteProcessMemory был выполнен только частично. (0x12B)
[0127/221358.424:ERROR:process_reader_win.cc(242)] ReadMemory at 0x10b8b991290 of 66 bytes failed: Запрос ReadProcessMemory или WriteProcessMemory был выполнен только частично. (0x12B)
[0127/221358.424:ERROR:process_reader_win.cc(242)] ReadMemory at 0x10b8b991600 of 62 bytes failed: Запрос ReadProcessMemory или WriteProcessMemory был выполнен только частично. (0x12B)
[0127/221358.424:ERROR:process_reader_win.cc(242)] ReadMemory at 0x10b8b9927d0 of 62 bytes failed: Запрос ReadProcessMemory или WriteProcessMemory был выполнен только частично. (0x12B)
[0127/221358.424:ERROR:process_reader_win.cc(242)] ReadMemory at 0x10b8b992ea0 of 512 bytes failed: Запрос ReadProcessMemory или WriteProcessMemory был выполнен только частично. (0x12B)
[0127/221358.424:ERROR:process_reader_win.cc(242)] ReadMemory at 0x10b8b994ec0 of 512 bytes failed: Запрос ReadProcessMemory или WriteProcessMemory был выполнен только частично. (0x12B)
[0127/221358.424:ERROR:process_reader_win.cc(242)] ReadMemory at 0x10b8bba1600 of 512 bytes failed: Запрос ReadProcessMemory или WriteProcessMemory был выполнен только частично. (0x12B)
[0127/221358.424:ERROR:process_reader_win.cc(242)] ReadMemory at 0x10b8bba19c0 of 512 bytes failed: Запрос ReadProcessMemory или WriteProcessMemory был выполнен только частично. (0x12B)
[0127/221358.424:ERROR:process_reader_win.cc(242)] ReadMemory at 0x10b8bc70c40 of 512 bytes failed: Запрос ReadProcessMemory или WriteProcessMemory был выполнен только частично. (0x12B)
[0127/221358.424:ERROR:process_reader_win.cc(242)] ReadMemory at 0x10b8bc71600 of 512 bytes failed: Запрос ReadProcessMemory или WriteProcessMemory был выполнен только частично. (0x12B)
[0127/221358.424:ERROR:process_reader_win.cc(242)] ReadMemory at 0x10b8d48bd68 of 512 bytes failed: Запрос ReadProcessMemory или WriteProcessMemory был выполнен только частично. (0x12B)
[0127/221358.424:ERROR:process_reader_win.cc(242)] ReadMemory at 0x10b8d4915b8 of 512 bytes failed: Запрос ReadProcessMemory или WriteProcessMemory был выполнен только частично. (0x12B)
[0127/221358.424:ERROR:process_reader_win.cc(242)] ReadMemory at 0x10b8d4ac110 of 512 bytes failed: Запрос ReadProcessMemory или WriteProcessMemory был выполнен только частично. (0x12B)
[0127/221358.425:ERROR:process_reader_win.cc(242)] ReadMemory at 0x10b8d4b2ad0 of 512 bytes failed: Запрос ReadProcessMemory или WriteProcessMemory был выполнен только частично. (0x12B)
[0127/221358.425:ERROR:process_reader_win.cc(242)] ReadMemory at 0x10b8d570000 of 384 bytes failed: Запрос ReadProcessMemory или WriteProcessMemory был выполнен только частично. (0x12B)
[0127/221358.425:ERROR:process_reader_win.cc(242)] ReadMemory at 0x10b8f73b760 of 512 bytes failed: Запрос ReadProcessMemory или WriteProcessMemory был выполнен только частично. (0x12B)
[0127/221358.425:ERROR:process_reader_win.cc(242)] ReadMemory at 0x10b8f7720b8 of 512 bytes failed: Запрос ReadProcessMemory или WriteProcessMemory был выполнен только частично. (0x12B)
[0127/221358.425:ERROR:process_reader_win.cc(242)] ReadMemory at 0x10b8f7d7330 of 512 bytes failed: Запрос ReadProcessMemory или WriteProcessMemory был выполнен только частично. (0x12B)
[0127/221358.425:ERROR:process_reader_win.cc(242)] ReadMemory at 0x10b901f3100 of 512 bytes failed: Запрос ReadProcessMemory или WriteProcessMemory был выполнен только частично. (0x12B)
[0127/221358.425:ERROR:process_reader_win.cc(242)] ReadMemory at 0x10b92bb1eb0 of 512 bytes failed: Запрос ReadProcessMemory или WriteProcessMemory был выполнен только частично. (0x12B)
[0127/221358.425:ERROR:process_reader_win.cc(242)] ReadMemory at 0x10b94901e90 of 512 bytes failed: Запрос ReadProcessMemory или WriteProcessMemory был выполнен только частично. (0x12B)
[0127/221358.425:ERROR:process_reader_win.cc(242)] ReadMemory at 0x10b949037f0 of 512 bytes failed: Запрос ReadProcessMemory или WriteProcessMemory был выполнен только частично. (0x12B)
[0127/221358.425:ERROR:process_reader_win.cc(242)] ReadMemory at 0x10b94904670 of 512 bytes failed: Запрос ReadProcessMemory или WriteProcessMemory был выполнен только частично. (0x12B)
[0127/221358.425:ERROR:process_reader_win.cc(242)] ReadMemory at 0x10b94a97208 of 512 bytes failed: Запрос ReadProcessMemory или WriteProcessMemory был выполнен только частично. (0x12B)
[0127/221358.425:ERROR:process_reader_win.cc(242)] ReadMemory at 0x10b982c7740 of 512 bytes failed: Запрос ReadProcessMemory или WriteProcessMemory был выполнен только частично. (0x12B)
[0127/221358.425:ERROR:process_reader_win.cc(242)] ReadMemory at 0x10b9833fa00 of 512 bytes failed: Запрос ReadProcessMemory или WriteProcessMemory был выполнен только частично. (0x12B)
[0127/221358.425:ERROR:process_reader_win.cc(242)] ReadMemory at 0x7ffbc8d80f06 of 512 bytes failed: Запрос ReadProcessMemory или WriteProcessMemory был выполнен только частично. (0x12B)
[0127/221358.425:ERROR:process_reader_win.cc(242)] ReadMemory at 0x7ffbc8d815b8 of 512 bytes failed: Запрос ReadProcessMemory или WriteProcessMemory был выполнен только частично. (0x12B)
[0127/221358.425:ERROR:process_reader_win.cc(242)] ReadMemory at 0x7ffbcb561910 of 512 bytes failed: Запрос ReadProcessMemory или WriteProcessMemory был выполнен только частично. (0x12B)
[0127/221358.425:ERROR:process_reader_win.cc(242)] ReadMemory at 0x7ffbcbdd7398 of 520 bytes failed: Запрос ReadProcessMemory или WriteProcessMemory был выполнен только частично. (0x12B)
[0127/221358.425:ERROR:process_reader_win.cc(242)] ReadMemory at 0x7ffbe09ce18e of 512 bytes failed: Запрос ReadProcessMemory или WriteProcessMemory был выполнен только частично. (0x12B)
[0127/221358.426:ERROR:process_reader_win.cc(242)] ReadMemory at 0x7ffbe0d3de90 of 512 bytes failed: Запрос ReadProcessMemory или WriteProcessMemory был выполнен только частично. (0x12B)
[0127/221358.426:ERROR:process_reader_win.cc(242)] ReadMemory at 0x7ffc1d4a9664 of 512 bytes failed: Запрос ReadProcessMemory или WriteProcessMemory был выполнен только частично. (0x12B)
[0127/221358.426:ERROR:process_reader_win.cc(242)] ReadMemory at 0x7ffc1e547b5f of 512 bytes failed: Запрос ReadProcessMemory или WriteProcessMemory был выполнен только частично. (0x12B)
[0127/221358.426:ERROR:process_reader_win.cc(242)] ReadMemory at 0x7ffc20928440 of 512 bytes failed: Запрос ReadProcessMemory или WriteProcessMemory был выполнен только частично. (0x12B)
[0127/221358.426:ERROR:process_reader_win.cc(242)] ReadMemory at 0x7ffc20930180 of 512 bytes failed: Запрос ReadProcessMemory или WriteProcessMemory был выполнен только частично. (0x12B)
[0127/221358.426:ERROR:process_reader_win.cc(242)] ReadMemory at 0x7ffc20930ac0 of 512 bytes failed: Запрос ReadProcessMemory или WriteProcessMemory был выполнен только частично. (0x12B)
[0127/221358.426:ERROR:process_reader_win.cc(242)] ReadMemory at 0x7ffc21000840 of 512 bytes failed: Запрос ReadProcessMemory или WriteProcessMemory был выполнен только частично. (0x12B)
[0127/221358.426:ERROR:process_reader_win.cc(242)] ReadMemory at 0x7ffc210ef260 of 512 bytes failed: Запрос ReadProcessMemory или WriteProcessMemory был выполнен только частично. (0x12B)
[0127/221358.426:ERROR:process_reader_win.cc(242)] ReadMemory at 0x7ffc210f09e0 of 512 bytes failed: Запрос ReadProcessMemory или WriteProcessMemory был выполнен только частично. (0x12B)
[0127/221358.426:ERROR:process_reader_win.cc(242)] ReadMemory at 0x7ffc210f12d0 of 512 bytes failed: Запрос ReadProcessMemory или WriteProcessMemory был выполнен только частично. (0x12B)
[0127/221358.426:ERROR:process_reader_win.cc(242)] ReadMemory at 0x7ffc210f30c0 of 512 bytes failed: Запрос ReadProcessMemory или WriteProcessMemory был выполнен только частично. (0x12B)
[0127/221358.426:ERROR:process_reader_win.cc(242)] ReadMemory at 0x7ffc21169ef4 of 672 bytes failed: Запрос ReadProcessMemory или WriteProcessMemory был выполнен только частично. (0x12B)
[0127/221358.426:ERROR:process_reader_win.cc(242)] ReadMemory at 0x7ffc2116a4f4 of 512 bytes failed: Запрос ReadProcessMemory или WriteProcessMemory был выполнен только частично. (0x12B)
[0127/221358.426:ERROR:process_reader_win.cc(242)] ReadMemory at 0x7ffc2116d7c4 of 512 bytes failed: Запрос ReadProcessMemory или WriteProcessMemory был выполнен только частично. (0x12B)
[0127/221358.426:ERROR:process_reader_win.cc(242)] ReadMemory at 0x7ffc211e8aa0 of 512 bytes failed: Запрос ReadProcessMemory или WriteProcessMemory был выполнен только частично. (0x12B)
[0127/221358.426:ERROR:process_reader_win.cc(242)] ReadMemory at 0x7ffc211f3810 of 18 bytes failed: Запрос ReadProcessMemory или WriteProcessMemory был выполнен только частично. (0x12B)
[0127/221358.426:ERROR:process_reader_win.cc(242)] ReadMemory at 0x7ffc212264e0 of 40 bytes failed: Запрос ReadProcessMemory или WriteProcessMemory был выполнен только частично. (0x12B)
[0127/221358.426:ERROR:process_reader_win.cc(242)] ReadMemory at 0x7ffc21226938 of 48 bytes failed: Запрос ReadProcessMemory или WriteProcessMemory был выполнен только частично. (0x12B)
[0127/221358.426:ERROR:process_reader_win.cc(242)] ReadMemory at 0x7ffc2122c360 of 64 bytes failed: Запрос ReadProcessMemory или WriteProcessMemory был выполнен только частично. (0x12B)
[0127/221359.239:ERROR:scoped_process_suspend.cc(40)] NtResumeProcess: Попытка доступа к процессу, выполняющему процедуру завершения. (0xc000010a)
